28-Oct-2020 09:07:47.756 INFORMAZIONI [main] org.apache.openejb.persistence.PersistenceBootstrap.getDefaultProvider Default JPA Provider changed to org.eclipse.persistence.jpa.PersistenceProvider specified by jar:file:/home/francesco/database_systems/apache-tomee-plume-8.0.3/lib/openejb-core-eclipselink-8.0.3.jar!/META-INF/org.apache.openejb.persistence.PersistenceBootstrap.provider
28-Oct-2020 09:07:48.164 INFORMAZIONI [main] jdk.internal.reflect.NativeMethodAccessorImpl.invoke Server version name:   Apache Tomcat/9.0.35
28-Oct-2020 09:07:48.164 INFORMAZIONI [main] jdk.internal.reflect.NativeMethodAccessorImpl.invoke Server built:          May 5 2020 20:36:20 UTC
28-Oct-2020 09:07:48.164 INFORMAZIONI [main] jdk.internal.reflect.NativeMethodAccessorImpl.invoke Server version number: 9.0.35.0
28-Oct-2020 09:07:48.164 INFORMAZIONI [main] jdk.internal.reflect.NativeMethodAccessorImpl.invoke OS Name:               Linux
28-Oct-2020 09:07:48.164 INFORMAZIONI [main] jdk.internal.reflect.NativeMethodAccessorImpl.invoke OS Version:            5.4.0-52-generic
28-Oct-2020 09:07:48.165 INFORMAZIONI [main] jdk.internal.reflect.NativeMethodAccessorImpl.invoke Architecture:          amd64
28-Oct-2020 09:07:48.165 INFORMAZIONI [main] jdk.internal.reflect.NativeMethodAccessorImpl.invoke Java Home:             /usr/lib/jvm/java-13-openjdk-amd64
28-Oct-2020 09:07:48.165 INFORMAZIONI [main] jdk.internal.reflect.NativeMethodAccessorImpl.invoke JVM Version:           13.0.4+8-Ubuntu-120.04
28-Oct-2020 09:07:48.165 INFORMAZIONI [main] jdk.internal.reflect.NativeMethodAccessorImpl.invoke JVM Vendor:            Private Build
28-Oct-2020 09:07:48.165 INFORMAZIONI [main] jdk.internal.reflect.NativeMethodAccessorImpl.invoke CATALINA_BASE:         /home/francesco/database_systems/apache-tomee-plume-8.0.3
28-Oct-2020 09:07:48.165 INFORMAZIONI [main] jdk.internal.reflect.NativeMethodAccessorImpl.invoke CATALINA_HOME:         /home/francesco/database_systems/apache-tomee-plume-8.0.3
28-Oct-2020 09:07:48.167 INFORMAZIONI [main] jdk.internal.reflect.NativeMethodAccessorImpl.invoke Command line argument: --add-opens=java.base/java.lang=ALL-UNNAMED
28-Oct-2020 09:07:48.167 INFORMAZIONI [main] jdk.internal.reflect.NativeMethodAccessorImpl.invoke Command line argument: --add-opens=java.base/java.io=ALL-UNNAMED
28-Oct-2020 09:07:48.167 INFORMAZIONI [main] jdk.internal.reflect.NativeMethodAccessorImpl.invoke Command line argument: --add-opens=java.rmi/sun.rmi.transport=ALL-UNNAMED
28-Oct-2020 09:07:48.167 INFORMAZIONI [main] jdk.internal.reflect.NativeMethodAccessorImpl.invoke Command line argument: -Djava.util.logging.config.file=/home/francesco/database_systems/apache-tomee-plume-8.0.3/conf/logging.properties
28-Oct-2020 09:07:48.168 INFORMAZIONI [main] jdk.internal.reflect.NativeMethodAccessorImpl.invoke Command line argument: -Djava.util.logging.manager=org.apache.juli.ClassLoaderLogManager
28-Oct-2020 09:07:48.168 INFORMAZIONI [main] jdk.internal.reflect.DelegatingMethodAccessorImpl.invoke Command line argument: -javaagent:/home/francesco/database_systems/apache-tomee-plume-8.0.3/lib/openejb-javaagent.jar
28-Oct-2020 09:07:48.168 INFORMAZIONI [main] jdk.internal.reflect.DelegatingMethodAccessorImpl.invoke Command line argument: -Djdk.tls.ephemeralDHKeySize=2048
28-Oct-2020 09:07:48.168 INFORMAZIONI [main] jdk.internal.reflect.DelegatingMethodAccessorImpl.invoke Command line argument: -Djava.protocol.handler.pkgs=org.apache.catalina.webresources
28-Oct-2020 09:07:48.168 INFORMAZIONI [main] jdk.internal.reflect.DelegatingMethodAccessorImpl.invoke Command line argument: -Dorg.apache.catalina.security.SecurityListener.UMASK=0027
28-Oct-2020 09:07:48.168 INFORMAZIONI [main] jdk.internal.reflect.DelegatingMethodAccessorImpl.invoke Command line argument: -Dignore.endorsed.dirs=
28-Oct-2020 09:07:48.168 INFORMAZIONI [main] jdk.internal.reflect.DelegatingMethodAccessorImpl.invoke Command line argument: -Dcatalina.base=/home/francesco/database_systems/apache-tomee-plume-8.0.3
28-Oct-2020 09:07:48.169 INFORMAZIONI [main] jdk.internal.reflect.DelegatingMethodAccessorImpl.invoke Command line argument: -Dcatalina.home=/home/francesco/database_systems/apache-tomee-plume-8.0.3
28-Oct-2020 09:07:48.169 INFORMAZIONI [main] jdk.internal.reflect.DelegatingMethodAccessorImpl.invoke Command line argument: -Djava.io.tmpdir=/home/francesco/database_systems/apache-tomee-plume-8.0.3/temp
28-Oct-2020 09:07:48.169 INFORMAZIONI [main] jdk.internal.reflect.DelegatingMethodAccessorImpl.invoke The Apache Tomcat Native library which allows using OpenSSL was not found on the java.library.path: [/usr/java/packages/lib:/usr/lib/x86_64-linux-gnu/jni:/lib/x86_64-linux-gnu:/usr/lib/x86_64-linux-gnu:/usr/lib/jni:/lib:/usr/lib]
28-Oct-2020 09:07:48.664 INFORMAZIONI [main] jdk.internal.reflect.DelegatingMethodAccessorImpl.invoke Initializing ProtocolHandler ["http-nio-8080"]
28-Oct-2020 09:07:49.082 INFORMAZIONI [main] org.apache.openejb.util.OptionsLog.info Using 'openejb.jdbc.datasource-creator=org.apache.tomee.jdbc.TomEEDataSourceCreator'
28-Oct-2020 09:07:49.239 INFORMAZIONI [main] org.apache.openejb.OpenEJB$Instance.<init> ********************************************************************************
28-Oct-2020 09:07:49.240 INFORMAZIONI [main] org.apache.openejb.OpenEJB$Instance.<init> OpenEJB http://tomee.apache.org/
28-Oct-2020 09:07:49.240 INFORMAZIONI [main] org.apache.openejb.OpenEJB$Instance.<init> Startup: Wed Oct 28 09:07:49 CET 2020
28-Oct-2020 09:07:49.240 INFORMAZIONI [main] org.apache.openejb.OpenEJB$Instance.<init> Copyright 1999-2018 (C) Apache OpenEJB Project, All Rights Reserved.
28-Oct-2020 09:07:49.240 INFORMAZIONI [main] org.apache.openejb.OpenEJB$Instance.<init> Version: 8.0.3
28-Oct-2020 09:07:49.240 INFORMAZIONI [main] org.apache.openejb.OpenEJB$Instance.<init> Build date: 20200619
28-Oct-2020 09:07:49.241 INFORMAZIONI [main] org.apache.openejb.OpenEJB$Instance.<init> Build time: 11:54
28-Oct-2020 09:07:49.241 INFORMAZIONI [main] org.apache.openejb.OpenEJB$Instance.<init> ********************************************************************************
28-Oct-2020 09:07:49.241 INFORMAZIONI [main] org.apache.openejb.OpenEJB$Instance.<init> openejb.home = /home/francesco/database_systems/apache-tomee-plume-8.0.3
28-Oct-2020 09:07:49.241 INFORMAZIONI [main] org.apache.openejb.OpenEJB$Instance.<init> openejb.base = /home/francesco/database_systems/apache-tomee-plume-8.0.3
28-Oct-2020 09:07:49.247 INFORMAZIONI [main] org.apache.openejb.cdi.CdiBuilder.initializeOWB Created new singletonService org.apache.openejb.cdi.ThreadSingletonServiceImpl@53dacd14
28-Oct-2020 09:07:49.266 INFORMAZIONI [main] org.apache.openejb.cdi.CdiBuilder.initializeOWB Succeeded in installing singleton service
28-Oct-2020 09:07:49.357 INFORMAZIONI [main] org.apache.openejb.config.ConfigurationFactory.init TomEE configuration file is '/home/francesco/database_systems/apache-tomee-plume-8.0.3/conf/tomee.xml'
28-Oct-2020 09:07:49.432 INFORMAZIONI [main] org.apache.openejb.config.ConfigurationFactory.configureService Configuring Service(id=Tomcat Security Service, type=SecurityService, provider-id=Tomcat Security Service)
28-Oct-2020 09:07:49.435 INFORMAZIONI [main] org.apache.openejb.config.ConfigurationFactory.configureService Configuring Service(id=Default Transaction Manager, type=TransactionManager, provider-id=Default Transaction Manager)
28-Oct-2020 09:07:49.440 INFORMAZIONI [main] org.apache.openejb.util.OptionsLog.info Using 'openejb.deployments.classpath=false'
28-Oct-2020 09:07:49.447 INFORMAZIONI [main] org.apache.openejb.assembler.classic.Assembler.createRecipe Creating TransactionManager(id=Default Transaction Manager)
28-Oct-2020 09:07:49.526 INFORMAZIONI [main] org.apache.openejb.assembler.classic.Assembler.createRecipe Creating SecurityService(id=Tomcat Security Service)
28-Oct-2020 09:07:49.653 INFORMAZIONI [main] org.apache.openejb.server.ServiceManager.initServer Creating ServerService(id=cxf)
28-Oct-2020 09:07:49.952 INFORMAZIONI [main] org.apache.openejb.server.ServiceManager.initServer Creating ServerService(id=cxf-rs)
28-Oct-2020 09:07:50.030 INFORMAZIONI [main] org.apache.openejb.server.SimpleServiceManager.start   ** Bound Services **
28-Oct-2020 09:07:50.030 INFORMAZIONI [main] org.apache.openejb.server.SimpleServiceManager.printRow   NAME                 IP              PORT  
28-Oct-2020 09:07:50.030 INFORMAZIONI [main] org.apache.openejb.server.SimpleServiceManager.start -------
28-Oct-2020 09:07:50.030 INFORMAZIONI [main] org.apache.openejb.server.SimpleServiceManager.start Ready!
28-Oct-2020 09:07:50.032 INFORMAZIONI [main] jdk.internal.reflect.DelegatingMethodAccessorImpl.invoke Server initialization in [2,219] milliseconds
28-Oct-2020 09:07:50.085 INFORMAZIONI [main] org.apache.tomee.catalina.OpenEJBNamingContextListener.bindResource Importing a Tomcat Resource with id 'UserDatabase' of type 'org.apache.catalina.UserDatabase'.
28-Oct-2020 09:07:50.085 INFORMAZIONI [main] org.apache.openejb.assembler.classic.Assembler.createRecipe Creating Resource(id=UserDatabase)
28-Oct-2020 09:07:50.108 INFORMAZIONI [main] jdk.internal.reflect.DelegatingMethodAccessorImpl.invoke Starting service [Catalina]
28-Oct-2020 09:07:50.108 INFORMAZIONI [main] jdk.internal.reflect.DelegatingMethodAccessorImpl.invoke Starting Servlet engine: [Apache Tomcat/9.0.35]
28-Oct-2020 09:07:50.125 INFORMAZIONI [main] jdk.internal.reflect.DelegatingMethodAccessorImpl.invoke Deploying web application directory [/home/francesco/database_systems/apache-tomee-plume-8.0.3/webapps/docs]
28-Oct-2020 09:07:50.136 INFORMAZIONI [main] org.apache.tomee.catalina.TomcatWebAppBuilder.init ------------------------- localhost -> /docs
28-Oct-2020 09:07:50.449 INFORMAZIONI [main] org.apache.openejb.config.ConfigurationFactory.configureApplication Configuring enterprise application: /home/francesco/database_systems/apache-tomee-plume-8.0.3/webapps/docs
28-Oct-2020 09:07:50.553 INFORMAZIONI [main] org.apache.openejb.config.AppInfoBuilder.build Enterprise application "/home/francesco/database_systems/apache-tomee-plume-8.0.3/webapps/docs" loaded.
28-Oct-2020 09:07:50.564 INFORMAZIONI [main] org.apache.openejb.assembler.classic.Assembler.createApplication Assembling app: /home/francesco/database_systems/apache-tomee-plume-8.0.3/webapps/docs
28-Oct-2020 09:07:50.803 INFORMAZIONI [main] org.apache.openejb.assembler.classic.Assembler.createApplication Deployed Application(path=/home/francesco/database_systems/apache-tomee-plume-8.0.3/webapps/docs)
28-Oct-2020 09:07:51.142 INFORMAZIONI [main] org.apache.jasper.servlet.TldScanner.scanJars At least one JAR was scanned for TLDs yet contained no TLDs. Enable debug logging for this logger for a complete list of JARs that were scanned but no TLDs were found in them. Skipping unneeded JARs during scanning can improve startup time and JSP compilation time.
28-Oct-2020 09:07:51.303 INFORMAZIONI [main] jdk.internal.reflect.DelegatingMethodAccessorImpl.invoke Deployment of web application directory [/home/francesco/database_systems/apache-tomee-plume-8.0.3/webapps/docs] has finished in [1,179] ms
28-Oct-2020 09:07:51.304 INFORMAZIONI [main] jdk.internal.reflect.DelegatingMethodAccessorImpl.invoke Deploying web application directory [/home/francesco/database_systems/apache-tomee-plume-8.0.3/webapps/host-manager]
28-Oct-2020 09:07:51.307 INFORMAZIONI [main] org.apache.tomee.catalina.TomcatWebAppBuilder.init ------------------------- localhost -> /host-manager
28-Oct-2020 09:07:51.382 INFORMAZIONI [main] org.apache.openejb.config.ConfigurationFactory.configureApplication Configuring enterprise application: /home/francesco/database_systems/apache-tomee-plume-8.0.3/webapps/host-manager
28-Oct-2020 09:07:51.392 INFORMAZIONI [main] org.apache.openejb.config.AppInfoBuilder.build Enterprise application "/home/francesco/database_systems/apache-tomee-plume-8.0.3/webapps/host-manager" loaded.
28-Oct-2020 09:07:51.393 INFORMAZIONI [main] org.apache.openejb.assembler.classic.Assembler.createApplication Assembling app: /home/francesco/database_systems/apache-tomee-plume-8.0.3/webapps/host-manager
28-Oct-2020 09:07:51.405 INFORMAZIONI [main] org.apache.tomee.catalina.TomcatWebAppBuilder.deployWebApps using context file /home/francesco/database_systems/apache-tomee-plume-8.0.3/webapps/host-manager/META-INF/context.xml
28-Oct-2020 09:07:51.406 INFORMAZIONI [main] org.apache.openejb.assembler.classic.Assembler.createApplication Deployed Application(path=/home/francesco/database_systems/apache-tomee-plume-8.0.3/webapps/host-manager)
28-Oct-2020 09:07:51.519 INFORMAZIONI [main] org.apache.jasper.servlet.TldScanner.scanJars At least one JAR was scanned for TLDs yet contained no TLDs. Enable debug logging for this logger for a complete list of JARs that were scanned but no TLDs were found in them. Skipping unneeded JARs during scanning can improve startup time and JSP compilation time.
28-Oct-2020 09:07:51.546 INFORMAZIONI [main] jdk.internal.reflect.DelegatingMethodAccessorImpl.invoke Deployment of web application directory [/home/francesco/database_systems/apache-tomee-plume-8.0.3/webapps/host-manager] has finished in [242] ms
28-Oct-2020 09:07:51.546 INFORMAZIONI [main] jdk.internal.reflect.DelegatingMethodAccessorImpl.invoke Deploying web application directory [/home/francesco/database_systems/apache-tomee-plume-8.0.3/webapps/ROOT]
28-Oct-2020 09:07:51.547 INFORMAZIONI [main] org.apache.tomee.catalina.TomcatWebAppBuilder.init ------------------------- localhost -> /
28-Oct-2020 09:07:51.598 INFORMAZIONI [main] org.apache.openejb.config.ConfigurationFactory.configureApplication Configuring enterprise application: /home/francesco/database_systems/apache-tomee-plume-8.0.3/webapps/ROOT
28-Oct-2020 09:07:51.604 INFORMAZIONI [main] org.apache.openejb.config.AppInfoBuilder.build Enterprise application "/home/francesco/database_systems/apache-tomee-plume-8.0.3/webapps/ROOT" loaded.
28-Oct-2020 09:07:51.605 INFORMAZIONI [main] org.apache.openejb.assembler.classic.Assembler.createApplication Assembling app: /home/francesco/database_systems/apache-tomee-plume-8.0.3/webapps/ROOT
28-Oct-2020 09:07:51.621 INFORMAZIONI [main] org.apache.openejb.assembler.classic.Assembler.createApplication Deployed Application(path=/home/francesco/database_systems/apache-tomee-plume-8.0.3/webapps/ROOT)
28-Oct-2020 09:07:51.710 INFORMAZIONI [main] org.apache.jasper.servlet.TldScanner.scanJars At least one JAR was scanned for TLDs yet contained no TLDs. Enable debug logging for this logger for a complete list of JARs that were scanned but no TLDs were found in them. Skipping unneeded JARs during scanning can improve startup time and JSP compilation time.
28-Oct-2020 09:07:51.729 INFORMAZIONI [main] jdk.internal.reflect.DelegatingMethodAccessorImpl.invoke Deployment of web application directory [/home/francesco/database_systems/apache-tomee-plume-8.0.3/webapps/ROOT] has finished in [182] ms
28-Oct-2020 09:07:51.729 INFORMAZIONI [main] jdk.internal.reflect.DelegatingMethodAccessorImpl.invoke Deploying web application directory [/home/francesco/database_systems/apache-tomee-plume-8.0.3/webapps/manager]
28-Oct-2020 09:07:51.730 INFORMAZIONI [main] org.apache.tomee.catalina.TomcatWebAppBuilder.init ------------------------- localhost -> /manager
28-Oct-2020 09:07:51.788 INFORMAZIONI [main] org.apache.openejb.config.ConfigurationFactory.configureApplication Configuring enterprise application: /home/francesco/database_systems/apache-tomee-plume-8.0.3/webapps/manager
28-Oct-2020 09:07:51.799 INFORMAZIONI [main] org.apache.openejb.config.AppInfoBuilder.build Enterprise application "/home/francesco/database_systems/apache-tomee-plume-8.0.3/webapps/manager" loaded.
28-Oct-2020 09:07:51.800 INFORMAZIONI [main] org.apache.openejb.assembler.classic.Assembler.createApplication Assembling app: /home/francesco/database_systems/apache-tomee-plume-8.0.3/webapps/manager
28-Oct-2020 09:07:51.812 INFORMAZIONI [main] org.apache.tomee.catalina.TomcatWebAppBuilder.deployWebApps using context file /home/francesco/database_systems/apache-tomee-plume-8.0.3/webapps/manager/META-INF/context.xml
28-Oct-2020 09:07:51.813 INFORMAZIONI [main] org.apache.openejb.assembler.classic.Assembler.createApplication Deployed Application(path=/home/francesco/database_systems/apache-tomee-plume-8.0.3/webapps/manager)
28-Oct-2020 09:07:51.912 INFORMAZIONI [main] org.apache.jasper.servlet.TldScanner.scanJars At least one JAR was scanned for TLDs yet contained no TLDs. Enable debug logging for this logger for a complete list of JARs that were scanned but no TLDs were found in them. Skipping unneeded JARs during scanning can improve startup time and JSP compilation time.
28-Oct-2020 09:07:51.931 INFORMAZIONI [main] jdk.internal.reflect.DelegatingMethodAccessorImpl.invoke Deployment of web application directory [/home/francesco/database_systems/apache-tomee-plume-8.0.3/webapps/manager] has finished in [202] ms
28-Oct-2020 09:07:51.937 INFORMAZIONI [main] jdk.internal.reflect.DelegatingMethodAccessorImpl.invoke Starting ProtocolHandler ["http-nio-8080"]
28-Oct-2020 09:07:51.950 INFORMAZIONI [main] jdk.internal.reflect.DelegatingMethodAccessorImpl.invoke Server startup in [1,917] milliseconds
28-Oct-2020 09:08:28.966 INFORMAZIONI [main] jdk.internal.reflect.DelegatingMethodAccessorImpl.invoke A valid shutdown command was received via the shutdown port. Stopping the Server instance.
28-Oct-2020 09:08:28.967 INFORMAZIONI [main] jdk.internal.reflect.DelegatingMethodAccessorImpl.invoke Pausing ProtocolHandler ["http-nio-8080"]
28-Oct-2020 09:08:28.978 INFORMAZIONI [main] jdk.internal.reflect.DelegatingMethodAccessorImpl.invoke Stopping service [Catalina]
28-Oct-2020 09:08:28.992 AVVERTENZA [main] com.sun.faces.config.ConfigureListener.contextDestroyed Unexpected state during contextDestroyed: no ConfigManager instance in current ServletContext but one is expected to exist.
28-Oct-2020 09:08:29.009 INFORMAZIONI [main] org.apache.openejb.assembler.classic.Assembler.destroyApplication Undeploying app: /home/francesco/database_systems/apache-tomee-plume-8.0.3/webapps/docs
28-Oct-2020 09:08:29.071 INFORMAZIONI [main] org.apache.openejb.assembler.classic.Assembler.destroyApplication Undeploying app: /home/francesco/database_systems/apache-tomee-plume-8.0.3/webapps/host-manager
28-Oct-2020 09:08:29.115 INFORMAZIONI [main] org.apache.openejb.assembler.classic.Assembler.destroyApplication Undeploying app: /home/francesco/database_systems/apache-tomee-plume-8.0.3/webapps/ROOT
28-Oct-2020 09:08:29.173 INFORMAZIONI [main] org.apache.openejb.assembler.classic.Assembler.destroyApplication Undeploying app: /home/francesco/database_systems/apache-tomee-plume-8.0.3/webapps/manager
28-Oct-2020 09:08:29.221 INFORMAZIONI [main] jdk.internal.reflect.DelegatingMethodAccessorImpl.invoke Stopping ProtocolHandler ["http-nio-8080"]
28-Oct-2020 09:08:29.226 INFORMAZIONI [main] org.apache.openejb.server.SimpleServiceManager.stop Stopping server services
28-Oct-2020 09:08:29.244 INFORMAZIONI [main] jdk.internal.reflect.DelegatingMethodAccessorImpl.invoke Destroying ProtocolHandler ["http-nio-8080"]
